3682.230  3228.277  3228.277: sourcing /Users/qianh1/.vim/bundle/dbext.vim/autoload/dbext.vim
395.726  106.177  022.544: sourcing /Users/qianh1/.vim/bundle/Vim-R-plugin/ftplugin/r.vim
373.412  083.334  083.334: sourcing /Users/qianh1/.vim/bundle/Vim-R-plugin/r-plugin/common_global.vim
077.852  065.795  006.491: sourcing $HOME/.vimrc
3690.113  063.512: opening buffers
274.442  046.791: GUI delay
3738.115  035.641: first screen update
226.308  034.178: starting GUI
044.189  032.023  000.227: sourcing /Applications/MacVim.app/Contents/Resources/vim/runtime/syntax/syntax.vim
044.135  031.312  016.632: sourcing /Applications/MacVim.app/Contents/Resources/vim/runtime/filetype.vim
125.480  023.235  023.235: sourcing /Users/qianh1/.vim/bundle/headlights/plugin/headlights.vim
069.212  017.033  016.348: sourcing /Applications/MacVim.app/Contents/Resources/vim/runtime/filetype.vim
147.962  017.021  012.714: sourcing /Users/qianh1/.vim/bundle/nerdtree/plugin/NERD_tree.vim
044.100  014.680  014.622: sourcing /Applications/MacVim.app/Contents/Resources/vim/runtime/menu.vim
093.380  012.599  012.599: sourcing /Users/qianh1/.vim/bundle/command-t/plugin/command-t.vim
077.719  008.154  007.342: sourcing /Users/qianh1/.vim/bundle/colorschemes/colors/zenburn.vim
190.671  007.199: loading plugins
3696.633  006.241: BufEnter autocommands
285.009  006.041  001.586: sourcing /Users/qianh1/.vim/bundle/Vim-R-plugin/syntax/r.vim
006.688  005.840: expanding arguments
130.815  004.896  004.896: sourcing /Users/qianh1/.vim/bundle/nerdcommenter/plugin/NERD_commenter.vim
178.449  004.501  001.772: sourcing /Users/qianh1/.vim/bundle/vim-notes/plugin/notes.vim
101.638  004.478  003.740: sourcing /Users/qianh1/.vim/bundle/delimitMate/plugin/delimitMate.vim
284.815  004.455  004.455: sourcing /Users/qianh1/.vim/bundle/Vim-R-plugin/r-plugin/functions.vim
427.940  004.331  001.033: sourcing /Users/qianh1/.vim/bundle/Vim-R-plugin/syntax/r.vim
173.399  003.812  003.812: sourcing /Users/qianh1/.vim/bundle/vim-fugitive/plugin/fugitive.vim
443.327  003.704  000.967: sourcing /Users/qianh1/.vim/bundle/Vim-R-plugin/syntax/r.vim
184.680  003.567  001.880: sourcing /Users/qianh1/.vim/bundle/vimwiki/plugin/vimwiki.vim
427.772  003.298  003.298: sourcing /Users/qianh1/.vim/bundle/Vim-R-plugin/r-plugin/functions.vim
009.659  002.971: shell init
3711.364  002.950  002.950: sourcing /Users/qianh1/.vim/bundle/tagbar/autoload/tagbar.vim
3699.521  002.886: VimEnter autocommands
096.969  002.852  002.852: sourcing /Users/qianh1/.vim/bundle/dbext.vim/plugin/dbext.vim
443.170  002.737  002.737: sourcing /Users/qianh1/.vim/bundle/Vim-R-plugin/r-plugin/functions.vim
177.014  002.729  001.921: sourcing /Users/qianh1/.vim/bundle/vim-notes/autoload/xolox/notes.vim
190.626  002.684  002.320: sourcing /Users/qianh1/.vim/bundle/tabular/after/plugin/TabularMaps.vim
150.921  002.660  002.600: sourcing /Users/qianh1/.vim/bundle/slimv.vim/plugin/paredit.vim
165.129  002.406  001.941: sourcing /Users/qianh1/.vim/bundle/vim-easymotion/plugin/EasyMotion.vim
157.545  002.190  002.077: sourcing /Users/qianh1/.vim/bundle/syntastic/plugin/syntastic.vim
169.464  002.137  002.137: sourcing /Users/qianh1/.vim/bundle/vim-fireplace/plugin/fireplace.vim
011.812  002.092: init highlight
183.957  001.687  001.687: sourcing /Users/qianh1/.vim/bundle/vimwiki/autoload/vimwiki/base.vim
051.736  001.576  001.576: sourcing /Applications/MacVim.app/Contents/Resources/vim/runtime/ftoff.vim
227.651  001.343: reading viminfo
180.539  001.278  000.751: sourcing /Users/qianh1/.vim/bundle/vim-signature/plugin/signature.vim
160.873  001.263  001.263: sourcing /Users/qianh1/.vim/bundle/undotree/plugin/undotree.vim
080.244  001.218  001.218: sourcing /Users/qianh1/.vim/bundle/bufexplorer/plugin/bufexplorer.vim
191.951  001.211  001.211: sourcing $VIMRUNTIME/menu.vim
152.233  001.193  001.193: sourcing /Users/qianh1/.vim/bundle/supertab/plugin/supertab.vim
132.575  001.102  001.102: sourcing /Users/qianh1/.vim/bundle/nerdtree/autoload/nerdtree.vim
167.294  001.088  000.411: sourcing /Users/qianh1/.vim/bundle/vim-fireplace/plugin/fireplace/zip.vim
176.466  000.808  000.572: sourcing /Users/qianh1/.vim/bundle/vim-misc/autoload/xolox/misc/path.vim
409.570  000.769  000.664: sourcing /Users/qianh1/.vim/bundle/vim-airline/autoload/airline/themes/bubblegum.vim
166.015  000.761  000.436: sourcing /Users/qianh1/.vim/bundle/vim-expand-region/plugin/expand_region.vim
098.593  000.738  000.738: sourcing /Users/qianh1/.vim/bundle/delimitMate/autoload/delimitMate.vim
158.855  000.688  000.688: sourcing /Users/qianh1/.vim/bundle/tagbar/plugin/tagbar.vim
167.231  000.677  000.656: sourcing /Applications/MacVim.app/Contents/Resources/vim/runtime/autoload/zip.vim
161.579  000.584  000.422: sourcing /Users/qianh1/.vim/bundle/vim-airline/plugin/airline.vim
147.363  000.565  000.565: sourcing /Users/qianh1/.vim/bundle/nerdtree/nerdtree_plugin/fs_menu.vim
133.972  000.549  000.549: sourcing /Users/qianh1/.vim/bundle/nerdtree/lib/nerdtree/path.vim
180.315  000.527  000.527: sourcing /Users/qianh1/.vim/bundle/vim-signature/autoload/signature.vim
159.493  000.519  000.519: sourcing /Users/qianh1/.vim/bundle/taglist/plugin/taglist.vim
186.738  000.487  000.487: sourcing /Applications/MacVim.app/Contents/Resources/vim/runtime/plugin/netrwPlugin.vim
397.153  000.486  000.486: sourcing /Users/qianh1/.vim/bundle/Vim-R-plugin/indent/r.vim
012.755  000.484  000.211: sourcing /Applications/MacVim.app/Contents/Resources/vim/runtime/syntax/synload.vim
163.466  000.465  000.465: sourcing /Users/qianh1/.vim/bundle/vim-easymotion/autoload/EasyMotion.vim
136.344  000.447  000.447: sourcing /Users/qianh1/.vim/bundle/nerdtree/lib/nerdtree/tree_dir_node.vim
162.366  000.425  000.396: sourcing /Users/qianh1/.vim/bundle/vim-colorscheme-switcher/plugin/colorscheme-switcher.vim
000.727  000.410: inits 1
155.053  000.404  000.404: sourcing /Users/qianh1/.vim/bundle/syntastic/plugin/syntastic/registry.vim
154.043  000.392  000.392: sourcing /Users/qianh1/.vim/bundle/syntastic/plugin/syntastic/loclist.vim
078.909  000.392  000.392: sourcing /Users/qianh1/.vim/bundle/atp-vim/plugin/tex_atp.vim
158.054  000.388  000.388: sourcing /Users/qianh1/.vim/bundle/tabular/plugin/Tabular.vim
135.751  000.381  000.381: sourcing /Users/qianh1/.vim/bundle/nerdtree/lib/nerdtree/tree_file_node.vim
188.616  000.364  000.364: sourcing /Users/qianh1/.vim/bundle/tabular/autoload/tabular.vim
045.535  000.362  000.362: sourcing /Users/qianh1/.vim/autoload/pathogen.vim
093.945  000.361  000.361: sourcing /Users/qianh1/.vim/bundle/Conque-Shell/plugin/conque_term.vim
069.010  000.355  000.355: sourcing /Users/qianh1/.vim/bundle/Vim-R-plugin/ftdetect/r.vim
180.996  000.332  000.332: sourcing /Users/qianh1/.vim/bundle/vimroom/plugin/vimroom.vim
165.872  000.325  000.325: sourcing /Users/qianh1/.vim/bundle/vim-expand-region/autoload/expand_region.vim
374.125  000.299  000.299: sourcing /Users/qianh1/.vim/bundle/Vim-R-plugin/r-plugin/common_buffer.vim
402.601  000.294  000.294: sourcing /Users/qianh1/.vim/bundle/vim-airline/autoload/airline/extensions.vim
173.834  000.286  000.286: sourcing /Users/qianh1/.vim/bundle/vim-move/plugin/move.vim
3691.455  000.279  000.279: sourcing /Users/qianh1/.vim/bundle/syntastic/autoload/syntastic/util.vim
179.103  000.279  000.279: sourcing /Users/qianh1/.vim/bundle/vim-pandoc/plugin/pandoc.vim
102.065  000.278  000.278: sourcing /Users/qianh1/.vim/bundle/fontsize.vim/plugin/fontsize.vim
070.473  000.276  000.276: sourcing /Applications/MacVim.app/Contents/Resources/vim/runtime/syntax/syncolor.vim
135.223  000.273  000.273: sourcing /Users/qianh1/.vim/bundle/nerdtree/lib/nerdtree/bookmark.vim
012.630  000.273  000.273: sourcing /Applications/MacVim.app/Contents/Resources/vim/runtime/syntax/syncolor.vim
080.644  000.271  000.271: sourcing /Users/qianh1/.vim/bundle/closetag/plugin/closetag.vim
076.757  000.268  000.268: sourcing /Applications/MacVim.app/Contents/Resources/vim/runtime/syntax/syncolor.vim
076.045  000.268  000.268: sourcing /Applications/MacVim.app/Contents/Resources/vim/runtime/syntax/syncolor.vim
137.103  000.265  000.265: sourcing /Users/qianh1/.vim/bundle/nerdtree/lib/nerdtree/creator.vim
285.987  000.261  000.261: sourcing /Users/qianh1/.vim/bundle/rainbow_parentheses.vim/autoload/rainbow_parentheses.vim
176.197  000.236  000.236: sourcing /Users/qianh1/.vim/bundle/vim-misc/autoload/xolox/misc/os.vim
155.322  000.236  000.236: sourcing /Users/qianh1/.vim/bundle/syntastic/plugin/syntastic/signs.vim
185.978  000.235  000.235: sourcing /Applications/MacVim.app/Contents/Resources/vim/runtime/plugin/gzip.vim
000.295  000.229: locale set
187.793  000.222  000.222: sourcing /Applications/MacVim.app/Contents/Resources/vim/runtime/plugin/zipPlugin.vim
078.230  000.220  000.220: sourcing /Users/qianh1/.vim/bundle/ack.vim/plugin/ack.vim
136.699  000.217  000.217: sourcing /Users/qianh1/.vim/bundle/nerdtree/lib/nerdtree/opener.vim
186.219  000.209  000.209: sourcing /Applications/MacVim.app/Contents/Resources/vim/runtime/plugin/matchparen.vim
192.198  000.203  000.203: sourcing $VIM/gvimrc
154.271  000.194  000.194: sourcing /Users/qianh1/.vim/bundle/syntastic/plugin/syntastic/makeprg_builder.vim
153.097  000.187  000.187: sourcing /Users/qianh1/.vim/bundle/syntastic/plugin/syntastic/balloons.vim
187.162  000.184  000.184: sourcing /Applications/MacVim.app/Contents/Resources/vim/runtime/plugin/tarPlugin.vim
411.950  000.182  000.182: sourcing /Users/qianh1/.vim/bundle/vim-airline/autoload/airline/highlighter.vim
068.579  000.174  000.174: sourcing /Users/qianh1/.vim/bundle/vim-pandoc/ftdetect/pandoc.vim
154.468  000.165  000.165: sourcing /Users/qianh1/.vim/bundle/syntastic/plugin/syntastic/modemap.vim
153.295  000.163  000.163: sourcing /Users/qianh1/.vim/bundle/syntastic/plugin/syntastic/checker.vim
125.800  000.163  000.163: sourcing /Users/qianh1/.vim/bundle/LargeFile/plugin/LargeFile.vim
161.421  000.162  000.162: sourcing /Users/qianh1/.vim/bundle/vim-airline/autoload/airline.vim
134.282  000.159  000.159: sourcing /Users/qianh1/.vim/bundle/nerdtree/lib/nerdtree/menu_controller.vim
187.526  000.158  000.158: sourcing /Applications/MacVim.app/Contents/Resources/vim/runtime/plugin/vimballPlugin.vim
401.859  000.143  000.143: sourcing /Users/qianh1/.vim/bundle/vim-airline/autoload/airline/parts.vim
012.008  000.137  000.137: sourcing $VIM/vimrc
401.252  000.136  000.136: sourcing /Users/qianh1/.vim/bundle/vim-airline/autoload/airline/init.vim
405.085  000.134  000.134: sourcing /Users/qianh1/.vim/bundle/vim-airline/autoload/airline/extensions/whitespace.vim
162.610  000.134  000.134: sourcing /Users/qianh1/.vim/bundle/vim-dict/plugin/dict.vim
153.458  000.131  000.131: sourcing /Users/qianh1/.vim/bundle/syntastic/plugin/syntastic/cursor.vim
134.795  000.128  000.128: sourcing /Users/qianh1/.vim/bundle/nerdtree/lib/nerdtree/key_map.vim
153.618  000.127  000.127: sourcing /Users/qianh1/.vim/bundle/syntastic/plugin/syntastic/highlighting.vim
411.356  000.126  000.126: sourcing /Users/qianh1/.vim/bundle/vim-airline/autoload/airline/extensions/default.vim
187.329  000.126  000.126: sourcing /Applications/MacVim.app/Contents/Resources/vim/runtime/plugin/tohtml.vim
178.711  000.121  000.121: sourcing /Users/qianh1/.vim/bundle/vim-online-thesaurus/plugin/online-thesaurus.vim
000.848  000.121: parsing arguments
410.826  000.119  000.119: sourcing /Users/qianh1/.vim/bundle/vim-airline/autoload/airline/util.vim
146.763  000.116  000.116: sourcing /Users/qianh1/.vim/bundle/nerdtree/nerdtree_plugin/exec_menuitem.vim
077.860  000.116: sourcing vimrc file(s)
154.616  000.115  000.115: sourcing /Users/qianh1/.vim/bundle/syntastic/plugin/syntastic/notifiers.vim
407.271  000.111  000.111: sourcing /Users/qianh1/.vim/bundle/vim-airline/autoload/airline/section.vim
404.174  000.110  000.110: sourcing /Users/qianh1/.vim/bundle/vim-airline/autoload/airline/extensions/branch.vim
185.251  000.109  000.109: sourcing /Users/qianh1/.vim/bundle/VOoM/plugin/voom.vim
409.255  000.105  000.105: sourcing /Users/qianh1/.vim/bundle/vim-airline/autoload/airline/themes.vim
134.530  000.105  000.105: sourcing /Users/qianh1/.vim/bundle/nerdtree/lib/nerdtree/menu_item.vim
410.443  000.097  000.097: sourcing /Users/qianh1/.vim/bundle/vim-airline/autoload/airline/builder.vim
152.877  000.097  000.097: sourcing /Users/qianh1/.vim/bundle/syntastic/plugin/syntastic/autoloclist.vim
161.788  000.095  000.095: sourcing /Users/qianh1/.vim/bundle/vim-classpath/plugin/classpath.vim
403.733  000.086  000.086: sourcing /Users/qianh1/.vim/bundle/vim-airline/autoload/airline/extensions/tagbar.vim
068.199  000.080  000.080: sourcing /Users/qianh1/.vim/bundle/vim-clojure-static/ftdetect/clojure.vim
185.712  000.078  000.078: sourcing /Applications/MacVim.app/Contents/Resources/vim/runtime/plugin/getscriptPlugin.vim
067.955  000.076  000.076: sourcing /Users/qianh1/.vim/bundle/slimv.vim/ftdetect/clojure.vim
404.652  000.075  000.075: sourcing /Users/qianh1/.vim/bundle/vim-airline/autoload/airline/extensions/syntastic.vim
403.346  000.074  000.074: sourcing /Users/qianh1/.vim/bundle/vim-airline/autoload/airline/extensions/undotree.vim
402.970  000.069  000.069: sourcing /Users/qianh1/.vim/bundle/vim-airline/autoload/airline/extensions/commandt.vim
186.859  000.062  000.062: sourcing /Applications/MacVim.app/Contents/Resources/vim/runtime/plugin/rrhelper.vim
000.066  000.062: Allocated generic buffers
009.720  000.061: inits 2
078.405  000.060  000.060: sourcing /Users/qianh1/.vim/bundle/ag.vim/plugin/ag.vim
030.022  000.058  000.058: sourcing /Applications/MacVim.app/Contents/Resources/vim/runtime/autoload/paste.vim
285.264  000.056  000.056: sourcing /Applications/MacVim.app/Contents/Resources/vim/runtime/syntax/r.vim
148.134  000.055  000.055: sourcing /Users/qianh1/.vim/bundle/rainbow_parentheses.vim/plugin/rainbow_parentheses.vim
044.382  000.048  000.048: sourcing /Applications/MacVim.app/Contents/Resources/vim/runtime/ftplugin.vim
044.566  000.045  000.045: sourcing /Applications/MacVim.app/Contents/Resources/vim/runtime/indent.vim
397.297  000.041  000.041: sourcing /Applications/MacVim.app/Contents/Resources/vim/runtime/indent/r.vim
186.939  000.041  000.041: sourcing /Applications/MacVim.app/Contents/Resources/vim/runtime/plugin/spellfile.vim
192.291  000.039  000.039: sourcing $HOME/.gvimrc
432.489  000.038  000.038: sourcing /Users/qianh1/.vim/bundle/Vim-R-plugin/indent/r.vim
274.493  000.038: clearing screen
447.807  000.035  000.035: sourcing /Users/qianh1/.vim/bundle/Vim-R-plugin/indent/r.vim
446.980  000.034  000.034: sourcing /Users/qianh1/.vim/bundle/Vim-R-plugin/ftplugin/r.vim
431.646  000.032  000.032: sourcing /Users/qianh1/.vim/bundle/Vim-R-plugin/ftplugin/r.vim
162.278  000.029  000.029: sourcing /Users/qianh1/.vim/bundle/vim-misc/autoload/xolox/misc.vim
428.151  000.022  000.022: sourcing /Applications/MacVim.app/Contents/Resources/vim/runtime/syntax/r.vim
443.529  000.021  000.021: sourcing /Applications/MacVim.app/Contents/Resources/vim/runtime/syntax/r.vim
166.964  000.021  000.021: sourcing /Applications/MacVim.app/Contents/Resources/vim/runtime/autoload/zip.vim
148.613  000.017  000.017: sourcing /Applications/MacVim.app/Contents/Resources/vim/runtime/filetype.vim
149.280  000.015  000.015: sourcing /Applications/MacVim.app/Contents/Resources/vim/runtime/filetype.vim
148.952  000.015  000.015: sourcing /Applications/MacVim.app/Contents/Resources/vim/runtime/ftplugin.vim
447.909  000.014  000.014: sourcing /Applications/MacVim.app/Contents/Resources/vim/runtime/indent/r.vim
155.843  000.014  000.014: sourcing /Users/qianh1/.vim/bundle/syntastic/plugin/syntastic/autoloclist.vim
044.752  000.014  000.014: sourcing /Applications/MacVim.app/Contents/Resources/vim/runtime/filetype.vim
044.270  000.014  000.014: sourcing /Applications/MacVim.app/Contents/Resources/vim/runtime/filetype.vim
432.592  000.013  000.013: sourcing /Applications/MacVim.app/Contents/Resources/vim/runtime/indent/r.vim
149.609  000.013  000.013: sourcing /Applications/MacVim.app/Contents/Resources/vim/runtime/indent.vim
044.946  000.013  000.013: sourcing /Applications/MacVim.app/Contents/Resources/vim/runtime/filetype.vim
000.308  000.013: GUI prepared
155.886  000.012  000.012: sourcing /Users/qianh1/.vim/bundle/syntastic/plugin/syntastic/balloons.vim
044.460  000.012  000.012: sourcing /Applications/MacVim.app/Contents/Resources/vim/runtime/filetype.vim
155.965  000.011  000.011: sourcing /Users/qianh1/.vim/bundle/syntastic/plugin/syntastic/cursor.vim
155.926  000.011  000.011: sourcing /Users/qianh1/.vim/bundle/syntastic/plugin/syntastic/checker.vim
156.142  000.010  000.010: sourcing /Users/qianh1/.vim/bundle/syntastic/plugin/syntastic/modemap.vim
156.042  000.010  000.010: sourcing /Users/qianh1/.vim/bundle/syntastic/plugin/syntastic/loclist.vim
156.003  000.010  000.010: sourcing /Users/qianh1/.vim/bundle/syntastic/plugin/syntastic/highlighting.vim
044.835  000.010  000.010: sourcing /Applications/MacVim.app/Contents/Resources/vim/runtime/indent.vim
156.255  000.009  000.009: sourcing /Users/qianh1/.vim/bundle/syntastic/plugin/syntastic/signs.vim
156.180  000.009  000.009: sourcing /Users/qianh1/.vim/bundle/syntastic/plugin/syntastic/notifiers.vim
156.080  000.009  000.009: sourcing /Users/qianh1/.vim/bundle/syntastic/plugin/syntastic/makeprg_builder.vim
156.217  000.008  000.008: sourcing /Users/qianh1/.vim/bundle/syntastic/plugin/syntastic/registry.vim
274.455  000.007: start termcap
274.448  000.006: setting raw mode
190.677  000.006: inits 3
000.317  000.006: window checked
3738.119  000.004: --- VIM STARTED ---
000.004  000.004: --- VIM STARTING ---
3699.524  000.003: before starting main loop
000.311  000.003: clipboard setup
3696.635  000.002: editing files in windows
times in msec
 clock   self+sourced   self:  sourced script
 clock   elapsed:              other lines



